NatML/Library/Bee/Android/Prj/Mono2x/Gradle/launcher/build/intermediates/manifest_merge_blame_file/debug/manifest-merger-blame-debug-report.txt
1<?xml version="1.0" encoding="utf-8"?>
2<manifest xmlns:android="http://schemas.android.com/apk/res/android"
3    package="com.DefaultCompany.NatML"
4    android:installLocation="preferExternal"
5    android:versionCode="1"
6    android:versionName="0.1" >
7
8    <uses-sdk
9        android:minSdkVersion="29"
9-->src\main\AndroidManifest.xml
10        android:targetSdkVersion="30" />
10-->src\main\AndroidManifest.xml
11
12    <supports-screens
12-->src\main\AndroidManifest.xml:3:3-163
13        android:anyDensity="true"
13-->src\main\AndroidManifest.xml:3:135-160
14        android:largeScreens="true"
14-->src\main\AndroidManifest.xml:3:78-105
15        android:normalScreens="true"
15-->src\main\AndroidManifest.xml:3:49-77
16        android:smallScreens="true"
16-->src\main\AndroidManifest.xml:3:21-48
17        android:xlargeScreens="true" />
17-->src\main\AndroidManifest.xml:3:106-134
18
19    <uses-feature android:glEsVersion="0x00030000" />
19-->[:unityLibrary] AndroidManifest.xml:12:5-54
19-->[:unityLibrary] AndroidManifest.xml:12:19-51
20    <uses-feature
20-->[:unityLibrary] AndroidManifest.xml:13:5-15:36
21        android:name="android.hardware.vulkan.version"
21-->[:unityLibrary] AndroidManifest.xml:14:9-55
22        android:required="false" />
22-->[:unityLibrary] AndroidManifest.xml:15:9-33
23
24    <uses-permission android:name="android.permission.INTERNET" />
24-->[:unityLibrary] AndroidManifest.xml:17:5-67
24-->[:unityLibrary] AndroidManifest.xml:17:22-64
25    <uses-permission android:name="android.permission.ACCESS_NETWORK_STATE" />
25-->[:unityLibrary] AndroidManifest.xml:18:5-79
25-->[:unityLibrary] AndroidManifest.xml:18:22-76
26    <uses-permission android:name="android.permission.CAMERA" />
26-->[:unityLibrary] AndroidManifest.xml:19:5-65
26-->[:unityLibrary] AndroidManifest.xml:19:22-62
27
28    <uses-feature
28-->[:unityLibrary] AndroidManifest.xml:21:5-23:36
29        android:name="android.hardware.camera"
29-->[:unityLibrary] AndroidManifest.xml:22:9-47
30        android:required="false" />
30-->[:unityLibrary] AndroidManifest.xml:23:9-33
31    <uses-feature
31-->[:unityLibrary] AndroidManifest.xml:24:5-26:36
32        android:name="android.hardware.camera.autofocus"
32-->[:unityLibrary] AndroidManifest.xml:25:9-57
33        android:required="false" />
33-->[:unityLibrary] AndroidManifest.xml:26:9-33
34    <uses-feature
34-->[:unityLibrary] AndroidManifest.xml:27:5-29:36
35        android:name="android.hardware.camera.front"
35-->[:unityLibrary] AndroidManifest.xml:28:9-53
36        android:required="false" />
36-->[:unityLibrary] AndroidManifest.xml:29:9-33
37    <uses-feature
37-->[:unityLibrary] AndroidManifest.xml:30:5-32:36
38        android:name="android.hardware.touchscreen"
38-->[:unityLibrary] AndroidManifest.xml:31:9-52
39        android:required="false" />
39-->[:unityLibrary] AndroidManifest.xml:32:9-33
40    <uses-feature
40-->[:unityLibrary] AndroidManifest.xml:33:5-35:36
41        android:name="android.hardware.touchscreen.multitouch"
41-->[:unityLibrary] AndroidManifest.xml:34:9-63
42        android:required="false" />
42-->[:unityLibrary] AndroidManifest.xml:35:9-33
43    <uses-feature
43-->[:unityLibrary] AndroidManifest.xml:36:5-38:36
44        android:name="android.hardware.touchscreen.multitouch.distinct"
44-->[:unityLibrary] AndroidManifest.xml:37:9-72
45        android:required="false" />
45-->[:unityLibrary] AndroidManifest.xml:38:9-33
46
47    <application
47-->src\main\AndroidManifest.xml:4:3-83
48        android:debuggable="true"
49        android:extractNativeLibs="true"
49-->[:unityLibrary] AndroidManifest.xml:40:18-50
50        android:icon="@mipmap/app_icon"
50-->src\main\AndroidManifest.xml:4:49-80
51        android:label="@string/app_name" >
51-->src\main\AndroidManifest.xml:4:16-48
52        <activity
52-->[:unityLibrary] AndroidManifest.xml:41:9-61:20
53            android:name="com.unity3d.player.UnityPlayerActivity"
53-->[:unityLibrary] AndroidManifest.xml:42:13-66
54            android:configChanges="mcc|mnc|locale|touchscreen|keyboard|keyboardHidden|navigation|orientation|screenLayout|uiMode|screenSize|smallestScreenSize|fontScale|layoutDirection|density"
54-->[:unityLibrary] AndroidManifest.xml:43:13-194
55            android:hardwareAccelerated="false"
55-->[:unityLibrary] AndroidManifest.xml:44:13-48
56            android:launchMode="singleTask"
56-->[:unityLibrary] AndroidManifest.xml:45:13-44
57            android:resizeableActivity="false"
57-->[:unityLibrary] AndroidManifest.xml:46:13-47
58            android:screenOrientation="fullSensor"
58-->[:unityLibrary] AndroidManifest.xml:47:13-51
59            android:theme="@style/UnityThemeSelector" >
59-->[:unityLibrary] AndroidManifest.xml:48:13-54
60            <intent-filter>
60-->[:unityLibrary] AndroidManifest.xml:49:13-53:29
61                <action android:name="android.intent.action.MAIN" />
61-->[:unityLibrary] AndroidManifest.xml:50:17-69
61-->[:unityLibrary] AndroidManifest.xml:50:25-66
62
63                <category android:name="android.intent.category.LAUNCHER" />
63-->[:unityLibrary] AndroidManifest.xml:52:17-77
63-->[:unityLibrary] AndroidManifest.xml:52:27-74
64            </intent-filter>
65
66            <meta-data
66-->[:unityLibrary] AndroidManifest.xml:55:13-57:40
67                android:name="unityplayer.UnityActivity"
67-->[:unityLibrary] AndroidManifest.xml:56:17-57
68                android:value="true" />
68-->[:unityLibrary] AndroidManifest.xml:57:17-37
69            <meta-data
69-->[:unityLibrary] AndroidManifest.xml:58:13-60:40
70                android:name="android.notch_support"
70-->[:unityLibrary] AndroidManifest.xml:59:17-53
71                android:value="true" />
71-->[:unityLibrary] AndroidManifest.xml:60:17-37
72        </activity>
73
74        <meta-data
74-->[:unityLibrary] AndroidManifest.xml:63:9-65:33
75            android:name="unity.splash-mode"
75-->[:unityLibrary] AndroidManifest.xml:64:13-45
76            android:value="0" />
76-->[:unityLibrary] AndroidManifest.xml:65:13-30
77        <meta-data
77-->[:unityLibrary] AndroidManifest.xml:66:9-68:36
78            android:name="unity.splash-enable"
78-->[:unityLibrary] AndroidManifest.xml:67:13-47
79            android:value="True" />
79-->[:unityLibrary] AndroidManifest.xml:68:13-33
80        <meta-data
80-->[:unityLibrary] AndroidManifest.xml:69:9-71:36
81            android:name="unity.launch-fullscreen"
81-->[:unityLibrary] AndroidManifest.xml:70:13-51
82            android:value="True" />
82-->[:unityLibrary] AndroidManifest.xml:71:13-33
83        <meta-data
83-->[:unityLibrary] AndroidManifest.xml:72:9-74:37
84            android:name="unity.allow-resizable-window"
84-->[:unityLibrary] AndroidManifest.xml:73:13-56
85            android:value="False" />
85-->[:unityLibrary] AndroidManifest.xml:74:13-34
86        <meta-data
86-->[:unityLibrary] AndroidManifest.xml:75:9-77:50
87            android:name="notch.config"
87-->[:unityLibrary] AndroidManifest.xml:76:13-40
88            android:value="portrait|landscape" />
88-->[:unityLibrary] AndroidManifest.xml:77:13-47
89    </application>
90
91</manifest>